<?xml version="1.0" encoding="UTF-8"?>
<!-- Generated by org.testng.reporters.JUnitReportReporter -->
<testsuite hostname="mkarthik-W7" name="com.aem.testcases.TestCase" tests="2" failures="0" timestamp="22 Aug 2015 09:50:20 GMT" time="0.071" errors="0">
  <testcase name="f" time="0.004" classname="com.aem.testcases.TestCase"/>
  <testcase name="f" time="0.067" classname="com.aem.testcases.TestCase"/>
</testsuite> <!-- com.aem.testcases.TestCase -->
